<?xml version="1.0" encoding="UTF-8"?>
<!-- Generated by org.testng.reporters.JUnitReportReporter -->
<testsuite hostname="hp" failures="0" tests="2" name="endtoend.learning.homepage" time="9.547" errors="0" timestamp="14 Jul 2020 19:51:12 GMT" skipped="0">
  <testcase classname="endtoend.learning.homepage" name="basepagenavigation" time="5.155"/>
  <testcase classname="endtoend.learning.homepage" name="basepagenavigation" time="4.392"/>
</testsuite> <!-- endtoend.learning.homepage -->
