<?xml version="1.0" encoding="UTF-8"?>
<!-- Generated by org.testng.reporters.JUnitReportReporter -->
<testsuite hostname="hp" failures="0" tests="1" name="endtoend.learning.validatenavigatebar" time="0.148" errors="0" timestamp="14 Jul 2020 19:54:23 GMT" skipped="0">
  <testcase classname="endtoend.learning.validatenavigatebar" name="basepagenavigation" time="0.148"/>
</testsuite> <!-- endtoend.learning.validatenavigatebar -->
