<?xml version="1.0" encoding="UTF-8"?>
<!-- Generated by org.testng.reporters.JUnitReportReporter -->
<testsuite hostname="hp" failures="0" tests="2" name="endtoend.learning.homepage" time="7.587" errors="0" timestamp="14 Jul 2020 21:35:37 GMT" skipped="0">
  <testcase classname="endtoend.learning.homepage" name="basepagenavigation" time="4.324"/>
  <testcase classname="endtoend.learning.homepage" name="basepagenavigation" time="3.263"/>
</testsuite> <!-- endtoend.learning.homepage -->
