<?xml version="1.0" encoding="UTF-8"?>
<!-- Generated by org.testng.reporters.JUnitReportReporter -->
<testsuite hostname="hp" failures="0" tests="1" name="endtoend.learning.validatetitle" time="0.084" errors="0" timestamp="14 Jul 2020 21:35:37 GMT" skipped="0">
  <testcase classname="endtoend.learning.validatetitle" name="basepagenavigation" time="0.084"/>
</testsuite> <!-- endtoend.learning.validatetitle -->
